<?xml version="1.0" encoding="utf-8"?>
<TestRun id="c94a9df7-f736-4185-8c00-a62058e74b52" name="imart@DESKTOP-91PB0DK 2025-09-12 15:21:54" runUser="DESKTOP-91PB0DK\imart" xmlns="http://microsoft.com/schemas/VisualStudio/TeamTest/2010">
  <Times creation="2025-09-12T15:21:54.5154649-06:00" queuing="2025-09-12T15:21:54.5154652-06:00" start="2025-09-12T15:21:52.2059078-06:00" finish="2025-09-12T15:21:54.5245764-06:00" />
  <TestSettings name="default" id="e3f405f0-afef-4d82-a25a-be7090108d75">
    <Deployment runDeploymentRoot="imart_DESKTOP-91PB0DK_2025-09-12_15_21_54" />
  </TestSettings>
  <Results>
    <UnitTestResult executionId="859d67c4-5ddf-423e-a90d-0044d8a69ef4" testId="f025861d-e974-9bc4-a494-871e2fedb3a6" testName="ExecuteAllTests" computerName="DESKTOP-91PB0DK" duration="00:00:00.7719649" startTime="2025-09-12T15:21:53.4418246-06:00" endTime="2025-09-12T15:21:54.2388110-06:00" testType="13cdc9d9-ddb5-4fa4-a97d-d965ccfc6d4b" outcome="Passed" testListId="8c84fa94-04c1-424b-9868-57a2d4851a1d" relativeResultsDirectory="859d67c4-5ddf-423e-a90d-0044d8a69ef4" />
    <UnitTestResult executionId="e72cba6c-9ec3-4cf2-87d1-60fce883c8ce" testId="b37b8aec-d8e1-dc7e-cb70-c3ba96ecf1fb" testName="GetByIdTest" computerName="DESKTOP-91PB0DK" duration="00:00:00.0599819" startTime="2025-09-12T15:21:54.3086316-06:00" endTime="2025-09-12T15:21:54.3704464-06:00" testType="13cdc9d9-ddb5-4fa4-a97d-d965ccfc6d4b" outcome="Passed" testListId="8c84fa94-04c1-424b-9868-57a2d4851a1d" relativeResultsDirectory="e72cba6c-9ec3-4cf2-87d1-60fce883c8ce" />
    <UnitTestResult executionId="6a15a324-cc14-49a7-8ef9-a2558ce659e1" testId="b848ba90-cf39-3366-1efe-086f17e141b7" testName="GetTest" computerName="DESKTOP-91PB0DK" duration="00:00:00.0652572" startTime="2025-09-12T15:21:54.2426091-06:00" endTime="2025-09-12T15:21:54.3081221-06:00" testType="13cdc9d9-ddb5-4fa4-a97d-d965ccfc6d4b" outcome="Passed" testListId="8c84fa94-04c1-424b-9868-57a2d4851a1d" relativeResultsDirectory="6a15a324-cc14-49a7-8ef9-a2558ce659e1" />
  </Results>
  <TestDefinitions>
    <UnitTest name="ExecuteAllTests" storage="d:\git\weatherapis\weatherapis\business.tests\bin\debug\net8.0\weather.business.tests.dll" id="f025861d-e974-9bc4-a494-871e2fedb3a6">
      <Execution id="859d67c4-5ddf-423e-a90d-0044d8a69ef4" />
      <TestMethod codeBase="D:\Git\WeatherAPIS\WeatherAPIS\Business.Tests\bin\Debug\net8.0\Weather.Business.Tests.dll" adapterTypeName="executor://mstestadapter/v2" className="Business.Tests.SourcesTests" name="ExecuteAllTests" />
    </UnitTest>
    <UnitTest name="GetTest" storage="d:\git\weatherapis\weatherapis\business.tests\bin\debug\net8.0\weather.business.tests.dll" id="b848ba90-cf39-3366-1efe-086f17e141b7">
      <Execution id="6a15a324-cc14-49a7-8ef9-a2558ce659e1" />
      <TestMethod codeBase="D:\Git\WeatherAPIS\WeatherAPIS\Business.Tests\bin\Debug\net8.0\Weather.Business.Tests.dll" adapterTypeName="executor://mstestadapter/v2" className="Business.Tests.SourcesTests" name="GetTest" />
    </UnitTest>
    <UnitTest name="GetByIdTest" storage="d:\git\weatherapis\weatherapis\business.tests\bin\debug\net8.0\weather.business.tests.dll" id="b37b8aec-d8e1-dc7e-cb70-c3ba96ecf1fb">
      <Execution id="e72cba6c-9ec3-4cf2-87d1-60fce883c8ce" />
      <TestMethod codeBase="D:\Git\WeatherAPIS\WeatherAPIS\Business.Tests\bin\Debug\net8.0\Weather.Business.Tests.dll" adapterTypeName="executor://mstestadapter/v2" className="Business.Tests.SourcesTests" name="GetByIdTest" />
    </UnitTest>
  </TestDefinitions>
  <TestEntries>
    <TestEntry testId="f025861d-e974-9bc4-a494-871e2fedb3a6" executionId="859d67c4-5ddf-423e-a90d-0044d8a69ef4" testListId="8c84fa94-04c1-424b-9868-57a2d4851a1d" />
    <TestEntry testId="b37b8aec-d8e1-dc7e-cb70-c3ba96ecf1fb" executionId="e72cba6c-9ec3-4cf2-87d1-60fce883c8ce" testListId="8c84fa94-04c1-424b-9868-57a2d4851a1d" />
    <TestEntry testId="b848ba90-cf39-3366-1efe-086f17e141b7" executionId="6a15a324-cc14-49a7-8ef9-a2558ce659e1" testListId="8c84fa94-04c1-424b-9868-57a2d4851a1d" />
  </TestEntries>
  <TestLists>
    <TestList name="Results Not in a List" id="8c84fa94-04c1-424b-9868-57a2d4851a1d" />
    <TestList name="All Loaded Results" id="19431567-8539-422a-85d7-44ee4e166bda" />
  </TestLists>
  <ResultSummary outcome="Completed">
    <Counters total="3" executed="3" passed="3" failed="0" error="0" timeout="0" aborted="0" inconclusive="0" passedButRunAborted="0" notRunnable="0" notExecuted="0" disconnected="0" warning="0" completed="0" inProgress="0" pending="0" />
  </ResultSummary>
</TestRun>